Using pre-set license
Built from '2021.1/release' branch; Version is '2021.1.16f1 (5fa502fca597) revision 6268162'; Using compiler version '192528614'; Build Type 'Release'
OS: 'Windows 10 Education; OS build 19042.1110; Version 2009; 64bit' Language: 'en' Physical Memory: 16343 MB
BatchMode: 1, IsHumanControllingUs: 0, StartBugReporterOnCrash: 0, Is64bit: 1, IsPro: 0

 COMMAND LINE ARGUMENTS:
C:\Program Files\Unity\Hub\Editor\2021.1.16f1\Editor\Unity.exe
-adb2
-batchMode
-noUpm
-name
AssetImportWorker0
-projectPath
D:/programming_projects/unity_projects/fcc_unity_tutorial/Monster_Chase/Monster_Chase
-logFile
Logs/AssetImportWorker0.log
-srvPort
49359
Successfully changed project path to: D:/programming_projects/unity_projects/fcc_unity_tutorial/Monster_Chase/Monster_Chase
D:/programming_projects/unity_projects/fcc_unity_tutorial/Monster_Chase/Monster_Chase
Using Asset Import Pipeline V2.
Refreshing native plugins compatible for Editor in 83.78 ms, found 4 plugins.
Preloading 0 native plugins for Editor in 0.00 ms.
Initialize engine version: 2021.1.16f1 (5fa502fca597)
[Subsystems] Discovering subsystems at path C:/Program Files/Unity/Hub/Editor/2021.1.16f1/Editor/Data/Resources/UnitySubsystems
[Subsystems] Discovering subsystems at path D:/programming_projects/unity_projects/fcc_unity_tutorial/Monster_Chase/Monster_Chase/Assets
GfxDevice: creating device client; threaded=0; jobified=0
Direct3D:
    Version:  Direct3D 11.0 [level 11.1]
    Renderer: NVIDIA GeForce GTX 1070 (ID=0x1b81)
    Vendor:   NVIDIA
    VRAM:     8088 MB
    Driver:   30.0.14.7141
Initialize mono
Mono path[0] = 'C:/Program Files/Unity/Hub/Editor/2021.1.16f1/Editor/Data/Managed'
Mono path[1] = 'C:/Program Files/Unity/Hub/Editor/2021.1.16f1/Editor/Data/MonoBleedingEdge/lib/mono/unityjit'
Mono config path = 'C:/Program Files/Unity/Hub/Editor/2021.1.16f1/Editor/Data/MonoBleedingEdge/etc'
Using monoOptions --debugger-agent=transport=dt_socket,embedding=1,server=y,suspend=n,address=127.0.0.1:56328
Begin MonoManager ReloadAssembly
Registering precompiled unity dll's ...
Register platform support module: C:/Program Files/Unity/Hub/Editor/2021.1.16f1/Editor/Data/PlaybackEngines/WindowsStandaloneSupport/UnityEditor.WindowsStandalone.Extensions.dll
Registered in 0.001640 seconds.
Native extension for WindowsStandalone target not found
Refreshing native plugins compatible for Editor in 87.82 ms, found 4 plugins.
Preloading 0 native plugins for Editor in 0.00 ms.
Mono: successfully reloaded assembly
- Completed reload, in  1.098 seconds
Domain Reload Profiling:
	ReloadAssembly (1098ms)
		BeginReloadAssembly (54ms)
			ExecutionOrderSort (0ms)
			DisableScriptedObjects (0ms)
			BackupInstance (0ms)
			ReleaseScriptingObjects (0ms)
			CreateAndSetChildDomain (1ms)
		EndReloadAssembly (403ms)
			LoadAssemblies (52ms)
			RebuildTransferFunctionScriptingTraits (0ms)
			SetupTypeCache (138ms)
			ReleaseScriptCaches (0ms)
			RebuildScriptCaches (26ms)
			SetupLoadedEditorAssemblies (201ms)
				LogAssemblyErrors (0ms)
				InitializePlatformSupportModulesInManaged (5ms)
				SetLoadedEditorAssemblies (0ms)
				RefreshPlugins (88ms)
				BeforeProcessingInitializeOnLoad (1ms)
				ProcessInitializeOnLoadAttributes (82ms)
				ProcessInitializeOnLoadMethodAttributes (25ms)
				AfterProcessingInitializeOnLoad (0ms)
				EditorAssembliesLoaded (0ms)
			ExecutionOrderSort2 (0ms)
			AwakeInstancesAfterBackupRestoration (0ms)
Platform modules already initialized, skipping
Registering precompiled user dll's ...
Registered in 0.003604 seconds.
Begin MonoManager ReloadAssembly
Symbol file LoadedFromMemory doesn't match image D:\programming_projects\unity_projects\fcc_unity_tutorial\Monster_Chase\Monster_Chase\Library\PackageCache\com.unity.visualscripting@1.6.1\Editor\VisualScripting.Core\Dependencies\YamlDotNet\Unity.VisualScripting.YamlDotNet.dll
Symbol file LoadedFromMemory doesn't match image D:\programming_projects\unity_projects\fcc_unity_tutorial\Monster_Chase\Monster_Chase\Library\PackageCache\com.unity.visualscripting@1.6.1\Editor\VisualScripting.Core\Dependencies\DotNetZip\Unity.VisualScripting.IonicZip.dll
Native extension for WindowsStandalone target not found
Refreshing native plugins compatible for Editor in 93.89 ms, found 4 plugins.
Preloading 0 native plugins for Editor in 0.00 ms.
Mono: successfully reloaded assembly
- Completed reload, in  1.226 seconds
Domain Reload Profiling:
	ReloadAssembly (1226ms)
		BeginReloadAssembly (134ms)
			ExecutionOrderSort (0ms)
			DisableScriptedObjects (4ms)
			BackupInstance (0ms)
			ReleaseScriptingObjects (0ms)
			CreateAndSetChildDomain (18ms)
		EndReloadAssembly (1044ms)
			LoadAssemblies (87ms)
			RebuildTransferFunctionScriptingTraits (0ms)
			SetupTypeCache (317ms)
			ReleaseScriptCaches (1ms)
			RebuildScriptCaches (46ms)
			SetupLoadedEditorAssemblies (476ms)
				LogAssemblyErrors (0ms)
				InitializePlatformSupportModulesInManaged (6ms)
				SetLoadedEditorAssemblies (1ms)
				RefreshPlugins (94ms)
				BeforeProcessingInitializeOnLoad (77ms)
				ProcessInitializeOnLoadAttributes (277ms)
				ProcessInitializeOnLoadMethodAttributes (15ms)
				AfterProcessingInitializeOnLoad (5ms)
				EditorAssembliesLoaded (0ms)
			ExecutionOrderSort2 (0ms)
			AwakeInstancesAfterBackupRestoration (6ms)
Platform modules already initialized, skipping
========================================================================
Worker process is ready to serve import requests
Launched and connected shader compiler UnityShaderCompiler.exe after 0.06 seconds
Refreshing native plugins compatible for Editor in 0.65 ms, found 4 plugins.
Preloading 0 native plugins for Editor in 0.00 ms.
Unloading 3675 Unused Serialized files (Serialized files now loaded: 0)
System memory in use before: 137.6 MB.
System memory in use after: 137.6 MB.

Unloading 37 unused Assets to reduce memory usage. Loaded Objects now: 4119.
Total: 3.801500 ms (FindLiveObjects: 0.266700 ms CreateObjectMapping: 0.170900 ms MarkObjects: 3.253600 ms  DeleteObjects: 0.109300 ms)

AssetImportParameters requested are different than current active one (requested -> active):
  custom:framework-win-MediaFoundation: 216162199b28c13a410421893ffa2e32 -> 
  custom:video-decoder-ogg-theora: a1e56fd34408186e4bbccfd4996cb3dc -> 
  custom:container-muxer-webm: aa71ff27fc2769a1b78a27578f13a17b -> 
  custom:container-demuxer-webm: 4f35f7cbe854078d1ac9338744f61a02 -> 
  custom:container-demuxer-ogg: 62fdf1f143b41e24485cea50d1cbac27 -> 
  custom:video-encoder-webm-vp8: eb34c28f22e8b96e1ab97ce403110664 -> 
  custom:video-decoder-webm-vp8: 9c59270c3fd7afecdb556c50c9e8de78 -> 
  custom:audio-decoder-ogg-vorbis: bf7c407c2cedff20999df2af8eb42d56 -> 
  custom:audio-encoder-webm-vorbis: bf7c407c2cedff20999df2af8eb42d56 -> 
========================================================================
Received Import Request.
  path: Assets/Sprites/Characters/NES - Kid Niki Radical Ninja Kaiketsu Yanchamaru - Kid Niki.png
  artifactKey: Guid(2aa110932cfbec24089cca047ca9c98d) Importer(815301076,1909f56bfc062723c751e8b465ee728b)
Start importing Assets/Sprites/Characters/NES - Kid Niki Radical Ninja Kaiketsu Yanchamaru - Kid Niki.png using Guid(2aa110932cfbec24089cca047ca9c98d) Importer(815301076,1909f56bfc062723c751e8b465ee728b)  -> (artifact id: '0bc6090b364c82607cce9229b655635d') in 0.116793 seconds 
========================================================================
Received Import Request.
  Time since last request: 503.000227 seconds.
  path: Assets/Sprites/Characters/NES - Kid Niki Radical Ninja Kaiketsu Yanchamaru - Kid Niki.png
  artifactKey: Guid(2aa110932cfbec24089cca047ca9c98d) Importer(815301076,1909f56bfc062723c751e8b465ee728b)
Start importing Assets/Sprites/Characters/NES - Kid Niki Radical Ninja Kaiketsu Yanchamaru - Kid Niki.png using Guid(2aa110932cfbec24089cca047ca9c98d) Importer(815301076,1909f56bfc062723c751e8b465ee728b)  -> (artifact id: '3912cda99e387df5c1118b11bae00a3f') in 0.053150 seconds 
========================================================================
Received Import Request.
  Time since last request: 507.301935 seconds.
  path: Assets/Prefabs/Kid Niki - Enemy(Bird).prefab
  artifactKey: Guid(1e79903c973f1a247a1a0f225f8a43d8) Importer(815301076,1909f56bfc062723c751e8b465ee728b)
Start importing Assets/Prefabs/Kid Niki - Enemy(Bird).prefab using Guid(1e79903c973f1a247a1a0f225f8a43d8) Importer(815301076,1909f56bfc062723c751e8b465ee728b) The Animator Controller (Kid Niki - Enemy(Bird)) you have used is not valid. Animations will not play
UnityEngine.StackTraceUtility:ExtractStackTrace ()
UnityEditor.EditorUtility:Internal_InstantiateRemoveAllNonAnimationComponentsSingle (UnityEngine.Object,UnityEngine.Vector3,UnityEngine.Quaternion)
UnityEditor.EditorUtility:InstantiateRemoveAllNonAnimationComponents (UnityEngine.Object,UnityEngine.Vector3,UnityEngine.Quaternion)
UnityEditor.EditorUtility:InstantiateForAnimatorPreview (UnityEngine.Object)
UnityEditor.GameObjectInspector/PreviewData:UpdateGameObject (UnityEngine.Object)
UnityEditor.GameObjectInspector/PreviewData:.ctor (UnityEngine.Object)
UnityEditor.GameObjectInspector:GetPreviewData ()
UnityEditor.GameObjectInspector:RenderStaticPreview (string,UnityEngine.Object[],int,int)
UnityEditor.AssetPreviewUpdater:CreatePreview (UnityEngine.Object,UnityEngine.Object[],string,int,int)
UnityEditor.AssetPreviewUpdater:CreatePreviewForAsset (UnityEngine.Object,UnityEngine.Object[],string)

[C:\buildslave\unity\build\Modules/Animation/Director/AnimatorControllerPlayable.cpp line 333]

The Animator Controller (Kid Niki - Enemy(Bird)) you have used is not valid. Animations will not play
UnityEngine.StackTraceUtility:ExtractStackTrace ()
UnityEditor.EditorUtility:InitInstantiatedPreviewRecursive (UnityEngine.GameObject)
UnityEditor.EditorUtility:InstantiateForAnimatorPreview (UnityEngine.Object)
UnityEditor.GameObjectInspector/PreviewData:UpdateGameObject (UnityEngine.Object)
UnityEditor.GameObjectInspector/PreviewData:.ctor (UnityEngine.Object)
UnityEditor.GameObjectInspector:GetPreviewData ()
UnityEditor.GameObjectInspector:RenderStaticPreview (string,UnityEngine.Object[],int,int)
UnityEditor.AssetPreviewUpdater:CreatePreview (UnityEngine.Object,UnityEngine.Object[],string,int,int)
UnityEditor.AssetPreviewUpdater:CreatePreviewForAsset (UnityEngine.Object,UnityEngine.Object[],string)

[C:\buildslave\unity\build\Modules/Animation/Director/AnimatorControllerPlayable.cpp line 333]

 -> (artifact id: 'aca2371f62fd20ddf1eaf164aa9d1fd5') in 0.036741 seconds 
========================================================================
Received Import Request.
  Time since last request: 756.666081 seconds.
  path: Assets/Prefabs/Kid Niki - Enemy(Blue).prefab
  artifactKey: Guid(dbc7d2a0e308e40458ff07870be1d323) Importer(815301076,1909f56bfc062723c751e8b465ee728b)
Start importing Assets/Prefabs/Kid Niki - Enemy(Blue).prefab using Guid(dbc7d2a0e308e40458ff07870be1d323) Importer(815301076,1909f56bfc062723c751e8b465ee728b) The Animator Controller (Kid Niki - Enemy(Blue)_0) you have used is not valid. Animations will not play
UnityEngine.StackTraceUtility:ExtractStackTrace ()
UnityEditor.EditorUtility:Internal_InstantiateRemoveAllNonAnimationComponentsSingle (UnityEngine.Object,UnityEngine.Vector3,UnityEngine.Quaternion)
UnityEditor.EditorUtility:InstantiateRemoveAllNonAnimationComponents (UnityEngine.Object,UnityEngine.Vector3,UnityEngine.Quaternion)
UnityEditor.EditorUtility:InstantiateForAnimatorPreview (UnityEngine.Object)
UnityEditor.GameObjectInspector/PreviewData:UpdateGameObject (UnityEngine.Object)
UnityEditor.GameObjectInspector/PreviewData:.ctor (UnityEngine.Object)
UnityEditor.GameObjectInspector:GetPreviewData ()
UnityEditor.GameObjectInspector:RenderStaticPreview (string,UnityEngine.Object[],int,int)
UnityEditor.AssetPreviewUpdater:CreatePreview (UnityEngine.Object,UnityEngine.Object[],string,int,int)
UnityEditor.AssetPreviewUpdater:CreatePreviewForAsset (UnityEngine.Object,UnityEngine.Object[],string)

[C:\buildslave\unity\build\Modules/Animation/Director/AnimatorControllerPlayable.cpp line 333]

The Animator Controller (Kid Niki - Enemy(Blue)_0) you have used is not valid. Animations will not play
UnityEngine.StackTraceUtility:ExtractStackTrace ()
UnityEditor.EditorUtility:InitInstantiatedPreviewRecursive (UnityEngine.GameObject)
UnityEditor.EditorUtility:InstantiateForAnimatorPreview (UnityEngine.Object)
UnityEditor.GameObjectInspector/PreviewData:UpdateGameObject (UnityEngine.Object)
UnityEditor.GameObjectInspector/PreviewData:.ctor (UnityEngine.Object)
UnityEditor.GameObjectInspector:GetPreviewData ()
UnityEditor.GameObjectInspector:RenderStaticPreview (string,UnityEngine.Object[],int,int)
UnityEditor.AssetPreviewUpdater:CreatePreview (UnityEngine.Object,UnityEngine.Object[],string,int,int)
UnityEditor.AssetPreviewUpdater:CreatePreviewForAsset (UnityEngine.Object,UnityEngine.Object[],string)

[C:\buildslave\unity\build\Modules/Animation/Director/AnimatorControllerPlayable.cpp line 333]

 -> (artifact id: '228568b40e27d93a6c3fc361cd58ec1e') in 0.009604 seconds 
========================================================================
Received Import Request.
  Time since last request: 104.471869 seconds.
  path: Assets/Prefabs/Kid Niki - Enemy(Red).prefab
  artifactKey: Guid(ae22bdd60c0b34842a45b546b993b47d) Importer(815301076,1909f56bfc062723c751e8b465ee728b)
Start importing Assets/Prefabs/Kid Niki - Enemy(Red).prefab using Guid(ae22bdd60c0b34842a45b546b993b47d) Importer(815301076,1909f56bfc062723c751e8b465ee728b) The Animator Controller (Kid Niki - Enemy(Red)) you have used is not valid. Animations will not play
UnityEngine.StackTraceUtility:ExtractStackTrace ()
UnityEditor.EditorUtility:Internal_InstantiateRemoveAllNonAnimationComponentsSingle (UnityEngine.Object,UnityEngine.Vector3,UnityEngine.Quaternion)
UnityEditor.EditorUtility:InstantiateRemoveAllNonAnimationComponents (UnityEngine.Object,UnityEngine.Vector3,UnityEngine.Quaternion)
UnityEditor.EditorUtility:InstantiateForAnimatorPreview (UnityEngine.Object)
UnityEditor.GameObjectInspector/PreviewData:UpdateGameObject (UnityEngine.Object)
UnityEditor.GameObjectInspector/PreviewData:.ctor (UnityEngine.Object)
UnityEditor.GameObjectInspector:GetPreviewData ()
UnityEditor.GameObjectInspector:RenderStaticPreview (string,UnityEngine.Object[],int,int)
UnityEditor.AssetPreviewUpdater:CreatePreview (UnityEngine.Object,UnityEngine.Object[],string,int,int)
UnityEditor.AssetPreviewUpdater:CreatePreviewForAsset (UnityEngine.Object,UnityEngine.Object[],string)

[C:\buildslave\unity\build\Modules/Animation/Director/AnimatorControllerPlayable.cpp line 333]

The Animator Controller (Kid Niki - Enemy(Red)) you have used is not valid. Animations will not play
UnityEngine.StackTraceUtility:ExtractStackTrace ()
UnityEditor.EditorUtility:InitInstantiatedPreviewRecursive (UnityEngine.GameObject)
UnityEditor.EditorUtility:InstantiateForAnimatorPreview (UnityEngine.Object)
UnityEditor.GameObjectInspector/PreviewData:UpdateGameObject (UnityEngine.Object)
UnityEditor.GameObjectInspector/PreviewData:.ctor (UnityEngine.Object)
UnityEditor.GameObjectInspector:GetPreviewData ()
UnityEditor.GameObjectInspector:RenderStaticPreview (string,UnityEngine.Object[],int,int)
UnityEditor.AssetPreviewUpdater:CreatePreview (UnityEngine.Object,UnityEngine.Object[],string,int,int)
UnityEditor.AssetPreviewUpdater:CreatePreviewForAsset (UnityEngine.Object,UnityEngine.Object[],string)

[C:\buildslave\unity\build\Modules/Animation/Director/AnimatorControllerPlayable.cpp line 333]

 -> (artifact id: '116c2fc175aa6f6fe506f1b3d4f0dc03') in 0.007168 seconds 
========================================================================
Received Import Request.
  Time since last request: 41826.326692 seconds.
  path: Assets/Sprites/Characters/enemy_bird.anim
  artifactKey: Guid(fa8d1d268c9a56b49ae8e7e5de683638) Importer(815301076,1909f56bfc062723c751e8b465ee728b)
Start importing Assets/Sprites/Characters/enemy_bird.anim using Guid(fa8d1d268c9a56b49ae8e7e5de683638) Importer(815301076,1909f56bfc062723c751e8b465ee728b)  -> (artifact id: '1ac5988b9a5b83fef943dc4fc8b3eb01') in 0.004720 seconds 
========================================================================
Received Import Request.
  Time since last request: 122.340635 seconds.
  path: Assets/Sprites/Characters/Kid Niki - Player(Niki).controller
  artifactKey: Guid(ccd6bea3be28c2243979bbb9334313c0) Importer(815301076,1909f56bfc062723c751e8b465ee728b)
Start importing Assets/Sprites/Characters/Kid Niki - Player(Niki).controller using Guid(ccd6bea3be28c2243979bbb9334313c0) Importer(815301076,1909f56bfc062723c751e8b465ee728b)  -> (artifact id: '25a3b2f8d4813ec33b96db10e92f344a') in 0.003323 seconds 
========================================================================
Received Import Request.
  Time since last request: 8.321929 seconds.
  path: Assets/Animations/Kid Niki - Player(Niki).controller
  artifactKey: Guid(ccd6bea3be28c2243979bbb9334313c0) Importer(815301076,1909f56bfc062723c751e8b465ee728b)
Start importing Assets/Animations/Kid Niki - Player(Niki).controller using Guid(ccd6bea3be28c2243979bbb9334313c0) Importer(815301076,1909f56bfc062723c751e8b465ee728b)  -> (artifact id: '2eb883b65e8b520c43caffee1952e282') in 0.001779 seconds 
========================================================================
Received Import Request.
  Time since last request: 237.864071 seconds.
  path: Assets/Prefabs/Kid Niki - Player(Niki).prefab
  artifactKey: Guid(5a70ed8a89a2c714da9cdc68677e0b8f) Importer(815301076,1909f56bfc062723c751e8b465ee728b)
Start importing Assets/Prefabs/Kid Niki - Player(Niki).prefab using Guid(5a70ed8a89a2c714da9cdc68677e0b8f) Importer(815301076,1909f56bfc062723c751e8b465ee728b)  -> (artifact id: 'cd78e647e8b0912097e483353c4ce7b1') in 0.022103 seconds 
========================================================================
Received Import Request.
  Time since last request: 97.669907 seconds.
  path: Assets/Animations/running.anim
  artifactKey: Guid(14b1ca64fa587374bb27fc81f98373f0) Importer(815301076,1909f56bfc062723c751e8b465ee728b)
Start importing Assets/Animations/running.anim using Guid(14b1ca64fa587374bb27fc81f98373f0) Importer(815301076,1909f56bfc062723c751e8b465ee728b)  -> (artifact id: '00000000000000000000000000000000') in 0.458709 seconds  code(4) message(Build asset version error: assets/animations/running.anim in SourceAssetDB has modification time of '2021-08-03T15:35:28.4690055Z' while content on disk has modification time of '0001-01-01T00:00:00Z' with error code 2
Stacktrace:
0x00007ff64added7c (Unity) StackWalker::GetCurrentCallstack
0x00007ff64ade4f29 (Unity) StackWalker::ShowCallstack
0x00007ff64b5da823 (Unity) GetStacktrace
0x00007ff64b70d939 (Unity) GetAssetHashAndValidate
0x00007ff64b708fda (Unity) AssetVersionBuilder::BuildHashOfSourceAssetArray
0x00007ff64b707297 (Unity) AssetVersionBuilder::BuildAssetVersion
0x00007ff64b6e21a9 (Unity) CreateAssetVersionBuilder
0x00007ff64b6e84b2 (Unity) ImportToObjects
0x00007ff64b6e7288 (Unity) ImportAsset
0x00007ff64b6858ef (Unity) AssetImportWorker::Import
0x00007ff64b6a89a2 (Unity) <lambda_9a0c3c600e605f826d039b184a304624>::operator()
0x00007ff64b72f122 (Unity) asio::detail::completion_handler<core::mutable_function<void __cdecl(void)> >::do_complete
0x00007ff64b731390 (Unity) asio::detail::win_iocp_io_service::do_one
0x00007ff64b734a7e (Unity) asio::io_service::run
0x00007ff64b6d0f5a (Unity) RunAssetImportWorkerClientV2
0x00007ff64b6d0fb0 (Unity) RunAssetImporterV2
0x00007ff64b1d46f7 (Unity) Application::InitializeProject
0x00007ff64b5e3ec7 (Unity) WinMain
0x00007ff64d144672 (Unity) __scrt_common_main_seh
0x00007ff9eaa17034 (KERNEL32) BaseThreadInitThunk
0x00007ff9eb5e2651 (ntdll) RtlUserThreadStart
)
  ERROR: Build asset version error: assets/animations/running.anim in SourceAssetDB has modification time of '2021-08-03T15:35:28.4690055Z' while content on disk has modification time of '0001-01-01T00:00:00Z' with error code 2
Stacktrace:
0x00007ff64added7c (Unity) StackWalker::GetCurrentCallstack
0x00007ff64ade4f29 (Unity) StackWalker::ShowCallstack
0x00007ff64b5da823 (Unity) GetStacktrace
0x00007ff64b70d939 (Unity) GetAssetHashAndValidate
0x00007ff64b708fda (Unity) AssetVersionBuilder::BuildHashOfSourceAssetArray
0x00007ff64b707297 (Unity) AssetVersionBuilder::BuildAssetVersion
0x00007ff64b6e21a9 (Unity) CreateAssetVersionBuilder
0x00007ff64b6e84b2 (Unity) ImportToObjects
0x00007ff64b6e7288 (Unity) ImportAsset
0x00007ff64b6858ef (Unity) AssetImportWorker::Import
0x00007ff64b6a89a2 (Unity) <lambda_9a0c3c600e605f826d039b184a304624>::operator()
0x00007ff64b72f122 (Unity) asio::detail::completion_handler<core::mutable_function<void __cdecl(void)> >::do_complete
0x00007ff64b731390 (Unity) asio::detail::win_iocp_io_service::do_one
0x00007ff64b734a7e (Unity) asio::io_service::run
0x00007ff64b6d0f5a (Unity) RunAssetImportWorkerClientV2
0x00007ff64b6d0fb0 (Unity) RunAssetImporterV2
0x00007ff64b1d46f7 (Unity) Application::InitializeProject
0x00007ff64b5e3ec7 (Unity) WinMain
0x00007ff64d144672 (Unity) __scrt_common_main_seh
0x00007ff9eaa17034 (KERNEL32) BaseThreadInitThunk
0x00007ff9eb5e2651 (ntdll) RtlUserThreadStart

========================================================================
Received Import Request.
  Time since last request: 5903.968217 seconds.
  path: Assets/Sprites/Characters/NES - Kid Niki Radical Ninja Kaiketsu Yanchamaru - Kid Niki.png
  artifactKey: Guid(2aa110932cfbec24089cca047ca9c98d) Importer(815301076,1909f56bfc062723c751e8b465ee728b)
Start importing Assets/Sprites/Characters/NES - Kid Niki Radical Ninja Kaiketsu Yanchamaru - Kid Niki.png using Guid(2aa110932cfbec24089cca047ca9c98d) Importer(815301076,1909f56bfc062723c751e8b465ee728b)  -> (artifact id: '772c5b4ff8737fe22b5cbbfd1fa4d66d') in 0.110746 seconds 
========================================================================
Received Import Request.
  Time since last request: 61.403284 seconds.
  path: Assets/Prefabs/Kid Niki - Title.prefab
  artifactKey: Guid(a02c13099bb73fb44bfc77b3a2695e9c) Importer(815301076,1909f56bfc062723c751e8b465ee728b)
Start importing Assets/Prefabs/Kid Niki - Title.prefab using Guid(a02c13099bb73fb44bfc77b3a2695e9c) Importer(815301076,1909f56bfc062723c751e8b465ee728b)  -> (artifact id: 'fd5e9946f134cabaa43a858feb6805da') in 0.010233 seconds 
========================================================================
Received Import Request.
  Time since last request: 214.361522 seconds.
  path: Assets/Prefabs/Kid Niki - Enemy(Red)_weapon.prefab
  artifactKey: Guid(4c139e659a066244db81bc6a14baec4f) Importer(815301076,1909f56bfc062723c751e8b465ee728b)
Start importing Assets/Prefabs/Kid Niki - Enemy(Red)_weapon.prefab using Guid(4c139e659a066244db81bc6a14baec4f) Importer(815301076,1909f56bfc062723c751e8b465ee728b)  -> (artifact id: '83416b242f340ab1675e2a46c96a99c9') in 0.007292 seconds 
AssetImportWorkerClient::OnTransportError - code=2 error=End of file
